<?xml version="1.0" encoding="UTF-8"?>
<testng-results ignored="0" total="1" passed="1" failed="0" skipped="0">
  <reporter-output>
  </reporter-output>
  <suite started-at="2024-02-15T06:21:46 PST" name="Default suite" finished-at="2024-02-15T06:22:25 PST" duration-ms="38299">
    <groups>
    </groups>
    <test started-at="2024-02-15T06:21:46 PST" name="Default test" finished-at="2024-02-15T06:22:25 PST" duration-ms="38299">
      <class name="PageObjectModel.TestCases">
        <test-method signature="testCase()[pri:0, instance:PageObjectModel.TestCases@30ee2816]" started-at="2024-02-15T06:21:47 PST" name="testCase" finished-at="2024-02-15T06:22:25 PST" duration-ms="38030" status="PASS">
          <reporter-output>
          </reporter-output>
        </test-method> <!-- testCase -->
      </class> <!-- PageObjectModel.TestCases -->
    </test> <!-- Default test -->
  </suite> <!-- Default suite -->
</testng-results>
